<?xml version="1.0" encoding="UTF-8"?>
<testng-results ignored="0" total="1" passed="1" failed="0" skipped="0">
  <reporter-output>
  </reporter-output>
  <suite started-at="2024-10-04T19:26:10 IST" name="Default suite" finished-at="2024-10-04T19:26:54 IST" duration-ms="44317">
    <groups>
    </groups>
    <test started-at="2024-10-04T19:26:10 IST" name="Default test" finished-at="2024-10-04T19:26:54 IST" duration-ms="44317">
      <class name="skillbox.CreateProfileWithProfileCompleteTest.SignUpArtistTest">
        <test-method is-config="true" signature="bsConfig()[pri:0, instance:skillbox.CreateProfileWithProfileCompleteTest.SignUpArtistTest@1e097d59]" started-at="2024-10-04T19:26:10 IST" name="bsConfig" finished-at="2024-10-04T19:26:10 IST" duration-ms="11" status="PASS">
          <reporter-output>
          </reporter-output>
        </test-method> <!-- bsConfig -->
        <test-method is-config="true" signature="bcConfig()[pri:0, instance:skillbox.CreateProfileWithProfileCompleteTest.SignUpArtistTest@1e097d59]" started-at="2024-10-04T19:26:10 IST" name="bcConfig" finished-at="2024-10-04T19:26:19 IST" duration-ms="9042" status="PASS">
          <reporter-output>
          </reporter-output>
        </test-method> <!-- bcConfig -->
        <test-method is-config="true" signature="bmConfig()[pri:0, instance:skillbox.CreateProfileWithProfileCompleteTest.SignUpArtistTest@1e097d59]" started-at="2024-10-04T19:26:19 IST" name="bmConfig" finished-at="2024-10-04T19:26:19 IST" duration-ms="1" status="PASS">
          <reporter-output>
          </reporter-output>
        </test-method> <!-- bmConfig -->
        <test-method signature="signua()[pri:0, instance:skillbox.CreateProfileWithProfileCompleteTest.SignUpArtistTest@1e097d59]" started-at="2024-10-04T19:26:19 IST" name="signua" finished-at="2024-10-04T19:26:54 IST" duration-ms="34891" status="PASS">
          <reporter-output>
          </reporter-output>
        </test-method> <!-- signua -->
        <test-method is-config="true" signature="amConfig()[pri:0, instance:skillbox.CreateProfileWithProfileCompleteTest.SignUpArtistTest@1e097d59]" started-at="2024-10-04T19:26:54 IST" name="amConfig" finished-at="2024-10-04T19:26:54 IST" duration-ms="1" status="PASS">
          <reporter-output>
          </reporter-output>
        </test-method> <!-- amConfig -->
        <test-method is-config="true" signature="acConfig()[pri:0, instance:skillbox.CreateProfileWithProfileCompleteTest.SignUpArtistTest@1e097d59]" started-at="2024-10-04T19:26:54 IST" name="acConfig" finished-at="2024-10-04T19:26:54 IST" duration-ms="236" status="PASS">
          <reporter-output>
          </reporter-output>
        </test-method> <!-- acConfig -->
        <test-method is-config="true" signature="asConfig()[pri:0, instance:skillbox.CreateProfileWithProfileCompleteTest.SignUpArtistTest@1e097d59]" started-at="2024-10-04T19:26:54 IST" name="asConfig" finished-at="2024-10-04T19:26:54 IST" duration-ms="1" status="PASS">
          <reporter-output>
          </reporter-output>
        </test-method> <!-- asConfig -->
      </class> <!-- skillbox.CreateProfileWithProfileCompleteTest.SignUpArtistTest -->
    </test> <!-- Default test -->
  </suite> <!-- Default suite -->
</testng-results>
